
Starting training at 2025-12-20 19:08:11
============================================================

Epoch 1/50
Train Loss: 1.6695, Train Acc: 0.1588
Val Loss: 2.3280, Val Acc: 0.0155
Saved best model with val_acc: 0.0155

Epoch 2/50
Train Loss: 1.2164, Train Acc: 0.2219
Val Loss: 2.2730, Val Acc: 0.0274
Saved best model with val_acc: 0.0274

Epoch 3/50
Train Loss: 1.0128, Train Acc: 0.2677
Val Loss: 2.1424, Val Acc: 0.0363
Saved best model with val_acc: 0.0363

Epoch 4/50
Train Loss: 0.8677, Train Acc: 0.3139
Val Loss: 2.0196, Val Acc: 0.0479
Saved best model with val_acc: 0.0479

Epoch 5/50
Train Loss: 0.7973, Train Acc: 0.3354
Val Loss: 1.9340, Val Acc: 0.0634
Saved best model with val_acc: 0.0634

Epoch 6/50
Train Loss: 0.7463, Train Acc: 0.3555
Val Loss: 1.8539, Val Acc: 0.0782
Saved best model with val_acc: 0.0782

Epoch 7/50
Train Loss: 0.7064, Train Acc: 0.3691
Val Loss: 1.8004, Val Acc: 0.0874
Saved best model with val_acc: 0.0874

Epoch 8/50
Train Loss: 0.6740, Train Acc: 0.3881
Val Loss: 1.7791, Val Acc: 0.0929
Saved best model with val_acc: 0.0929

Epoch 9/50
Train Loss: 0.6908, Train Acc: 0.3803
Val Loss: 1.7679, Val Acc: 0.0953
Saved best model with val_acc: 0.0953

Epoch 10/50
Train Loss: 0.6714, Train Acc: 0.3961
Val Loss: 1.7550, Val Acc: 0.0961
Saved best model with val_acc: 0.0961

Epoch 11/50
Train Loss: 0.6563, Train Acc: 0.4013
Val Loss: 1.6661, Val Acc: 0.1176
Saved best model with val_acc: 0.1176

Epoch 12/50
Train Loss: 0.6008, Train Acc: 0.4243
Val Loss: 1.5535, Val Acc: 0.1426
Saved best model with val_acc: 0.1426

Epoch 13/50
Train Loss: 0.5720, Train Acc: 0.4368
Val Loss: 1.4940, Val Acc: 0.1705
Saved best model with val_acc: 0.1705

Epoch 14/50
Train Loss: 0.5487, Train Acc: 0.4530
Val Loss: 1.4497, Val Acc: 0.1995
Saved best model with val_acc: 0.1995

Epoch 15/50
Train Loss: 0.5075, Train Acc: 0.4799
Val Loss: 1.4200, Val Acc: 0.2247
Saved best model with val_acc: 0.2247

Epoch 16/50
Train Loss: 0.5005, Train Acc: 0.4896
Val Loss: 1.3864, Val Acc: 0.2489
Saved best model with val_acc: 0.2489

Epoch 17/50
Train Loss: 0.4866, Train Acc: 0.4970
Val Loss: 1.3504, Val Acc: 0.2721
Saved best model with val_acc: 0.2721

Epoch 18/50
Train Loss: 0.4702, Train Acc: 0.5142
Val Loss: 1.3188, Val Acc: 0.2863
Saved best model with val_acc: 0.2863

Epoch 19/50
Train Loss: 0.4504, Train Acc: 0.5229
Val Loss: 1.3106, Val Acc: 0.3045
Saved best model with val_acc: 0.3045

Epoch 20/50
Train Loss: 0.4551, Train Acc: 0.5219
Val Loss: 1.3015, Val Acc: 0.3161
Saved best model with val_acc: 0.3161

Epoch 21/50
Train Loss: 0.4493, Train Acc: 0.5341
Val Loss: 1.2869, Val Acc: 0.3200
Saved best model with val_acc: 0.3200

Epoch 22/50
Train Loss: 0.4283, Train Acc: 0.5412
Val Loss: 1.2586, Val Acc: 0.3374
Saved best model with val_acc: 0.3374

Epoch 23/50
Train Loss: 0.4311, Train Acc: 0.5477
Val Loss: 1.2806, Val Acc: 0.3321

Epoch 24/50
